{
  "stats": {
    "suites": 1,
    "tests": 1,
    "passes": 1,
    "pending": 0,
    "failures": 0,
    "start": "2023-01-10T11:37:21.260Z",
    "end": "2023-01-10T11:37:27.638Z",
    "duration": 6378,
    "testsRegistered": 1,
    "passPercent": 100,
    "pendingPercent": 0,
    "other": 0,
    "hasOther": false,
    "skipped": 0,
    "hasSkipped": false
  },
  "results": [
    {
      "uuid": "fb10aa49-b687-428f-a067-ca4aaa89a820",
      "title": "",
      "fullFile": "cypress/integration/compras.spec.js",
      "file": "cypress/integration/compras.spec.js",
      "beforeHooks": [],
      "afterHooks": [],
      "tests": [],
      "suites": [
        {
          "uuid": "14742625-52d5-40cf-b51f-1b792887c9bf",
          "title": "Compras",
          "fullFile": "",
          "file": "",
          "beforeHooks": [],
          "afterHooks": [],
          "tests": [
            {
              "title": "Deve ser possível adicionar um item ao carrinho e ir para o checkout",
              "fullTitle": "Compras Deve ser possível adicionar um item ao carrinho e ir para o checkout",
              "timedOut": null,
              "duration": 6238,
              "state": "passed",
              "speed": "medium",
              "pass": true,
              "fail": false,
              "pending": false,
              "context": null,
              "code": "cy.login();\ncy.contains(\"Add to cart\").first().click(); // Assert para verificar se no icone do carrinho foi adicionado um item.\ncy.get(\".shopping_cart_link\").then($cart => {\n  let cart = $cart.text();\n  expect(parseInt(cart)).to.eq(1);\n});\ncy.get(\".shopping_cart_badge\").click();\ncy.get(\"#checkout\").click();\ncy.get(\"#first-name\").type(chance.first());\ncy.get(\"#last-name\").type(chance.last());\ncy.get(\"#postal-code\").type(chance.zip());\ncy.get('[data-test=\"continue\"]').click();\ncy.get('[data-test=\"finish\"]').click();\ncy.get('.complete-header').should('have.text', 'THANK YOU FOR YOUR ORDER');",
              "err": {},
              "uuid": "71c27be2-99d9-4ddd-8de8-5ae8eec24eab",
              "parentUUID": "14742625-52d5-40cf-b51f-1b792887c9bf",
              "isHook": false,
              "skipped": false
            }
          ],
          "suites": [],
          "passes": [
            "71c27be2-99d9-4ddd-8de8-5ae8eec24eab"
          ],
          "failures": [],
          "pending": [],
          "skipped": [],
          "duration": 6238,
          "root": false,
          "rootEmpty": false,
          "_timeout": 2000
        }
      ],
      "passes": [],
      "failures": [],
      "pending": [],
      "skipped": [],
      "duration": 0,
      "root": true,
      "rootEmpty": true,
      "_timeout": 2000
    }
  ],
  "meta": {
    "mocha": {
      "version": "7.0.1"
    },
    "mochawesome": {
      "options": {
        "quiet": true,
        "reportFilename": "mochawesome",
        "saveHtml": false,
        "saveJson": true,
        "consoleReporter": "spec",
        "useInlineDiffs": false,
        "code": true
      },
      "version": "7.1.3"
    },
    "marge": {
      "options": {
        "id": "default",
        "reportDir": "mochawesome-report",
        "quiet": true,
        "overwrite": false,
        "html": false,
        "json": true
      },
      "version": "6.2.0"
    }
  }
}